{
  "RSpec": {
    "coverage": {
      "/home/peaceful-array-e1f7/tic-tac-toe-rb-online-web-sp-000/lib/tic_tac_toe.rb": [
        1,
        null,
        1,
        24,
        24,
        24,
        24,
        24,
        null,
        null,
        1,
        177,
        139,
        null,
        38,
        null,
        null,
        null,
        1,
        23,
        20,
        null,
        3,
        null,
        null,
        null,
        1,
        20,
        20,
        20,
        20,
        19,
        19,
        null,
        1,
        null,
        null,
        null,
        1,
        12,
        17,
        null,
        12,
        5,
        5,
        7,
        3,
        null,
        null,
        null,
        1,
        23,
        null,
        null,
        1,
        22,
        null,
        null,
        1,
        21,
        21,
        189,
        31,
        null,
        null,
        21,
        null,
        1,
        20,
        null,
        null,
        null,
        1,
        null,
        null,
        null,
        null,
        null,
        null,
        null,
        null,
        1,
        71,
        426,
        426,
        426,
        null,
        426,
        426,
        426,
        null,
        426,
        35,
        null,
        null,
        36,
        null,
        null,
        1,
        302,
        46,
        null,
        11,
        null,
        null,
        1,
        20,
        4,
        16,
        14,
        2,
        2,
        null,
        null,
        null,
        1,
        21,
        10,
        null,
        11,
        null,
        null,
        null,
        1,
        12,
        11,
        null,
        null,
        null,
        null,
        null,
        null
      ]
    },
    "timestamp": 1620237958
  }
}
